Process Init : AppName2nd Parameter Not Set 09/06/2017 10.04.53
Start service KeepAlive
OnElapsedTime 09/06/2017 10.04.53
Application No : 1 Process Not Found
Process Start, Set infofilename = F:\PCTemplateProg\BTN\KeepAliveServ\keepAliveServ\bin\Debug//SwitchMultiBank.exe
Process SwitchMultiBank Started by KeepAlive
Process Start, StandardError : 
Process Start, StandardOutput : 
OnElapsedTime Ended : Problem Solve
OnElapsedTime 09/06/2017 10.05.08
OnElapsedTime Ended : No Problem Detected
OnElapsedTime 09/06/2017 10.05.23
OnElapsedTime Ended : No Problem Detected
Process Init : AppName2nd Parameter Not Set 09/06/2017 10.07.18
Start service KeepAlive
OnElapsedTime 09/06/2017 10.07.18
Application No : 1 Process Not Found
Process Start, Set infofilename = F:\PCTemplateProg\BTN\KeepAliveServ\keepAliveServ\bin\Debug//SwitchMultiBank.exe
Process SwitchMultiBank Started by KeepAlive
Process Start, StandardError : 
Process Start, StandardOutput : 
Process Init : AppName2nd Parameter Not Set 09/06/2017 10.08.38
Start service KeepAlive
OnElapsedTime 09/06/2017 10.08.38
Application No : 1 Process Not Found
Process Start, Set infofilename = F:\PCTemplateProg\BTN\KeepAliveServ\keepAliveServ\bin\Debug//SwitchMultiBank.exe
Process SwitchMultiBank Started by KeepAlive
Process Start, StandardError : 
Process Start, StandardOutput : 
OnElapsedTime Ended : Problem Solve
Process Init : AppName2nd Parameter Not Set 09/06/2017 10.12.12
Start service KeepAlive
OnElapsedTime 09/06/2017 10.12.18
Application No : 1 Process Not Found
Process Start, Set infofilename = F:\PCTemplateProg\BTN\KeepAliveServ\keepAliveServ\bin\Debug//SwitchMultiBank.exe
Process SwitchMultiBank Started by KeepAlive
Process Start, StandardError : 
Process Start, StandardOutput : 
OnElapsedTime Ended : Problem Solve
OnElapsedTime 09/06/2017 10.12.33
OnElapsedTime Ended : No Problem Detected
Process Init : AppName2nd Parameter Not Set 09/06/2017 10.15.45
Start service KeepAlive
OnElapsedTime 09/06/2017 10.15.45
Application No : 1 Process Not Found
Process Start, Set infofilename = F:\PCTemplateProg\BTN\KeepAliveServ\keepAliveServ\bin\Debug//SwitchMultiBank.exe
Process SwitchMultiBank Started by KeepAlive
Process Start, StandardError : 
Process Start, StandardOutput : 
OnElapsedTime Ended : Problem Solve
OnElapsedTime 09/06/2017 10.16.00
OnElapsedTime Ended : No Problem Detected
OnElapsedTime 09/06/2017 10.16.15
OnElapsedTime Ended : No Problem Detected
OnElapsedTime 09/06/2017 10.16.30
OnElapsedTime Ended : No Problem Detected
Process Init : AppName2nd Parameter Not Set 09/06/2017 10.17.19
Start service KeepAlive
OnElapsedTime 09/06/2017 10.17.19
Application No : 1 Process Not Found
Process Start, Set infofilename = F:\PCTemplateProg\BTN\KeepAliveServ\keepAliveServ\bin\Debug//SwitchMultiBank.exe
Process SwitchMultiBank Started by KeepAlive
Process Start, StandardError : 
Process Start, StandardOutput : 
